2023-03-20 10:13:04,622 [Worker-2: Loading available Gradle versions] INFO  o.e.b.c.i.u.g.PublishedGradleVersions - Gradle version information cache is up-to-date. Trying to read.
2023-03-20 10:13:47,308 [Worker-6: Importing Maven projects] INFO  o.e.m.c.i.l.LifecycleMappingFactory - Using org.eclipse.m2e.jdt.JarLifecycleMapping lifecycle mapping for MavenProject: com.generation:farmacia:0.0.1-SNAPSHOT @ C:\Users\sucap\Documents\farmacia\farmacia\pom.xml.
2023-03-20 10:13:57,542 [Worker-6: Importing Maven projects] INFO  o.e.m.j.i.AbstractJavaProjectConfigurator - Adding source folder /farmacia/src/main/java
2023-03-20 10:13:57,544 [Worker-6: Importing Maven projects] INFO  o.e.m.j.i.AbstractJavaProjectConfigurator - Adding resource folder /farmacia/src/main/resources
2023-03-20 10:13:57,715 [Worker-6: Importing Maven projects] INFO  o.e.m.j.i.AbstractJavaProjectConfigurator - Adding resource folder /farmacia/src/main/resources
2023-03-20 10:13:57,887 [Worker-6: Importing Maven projects] INFO  o.e.m.j.i.AbstractJavaProjectConfigurator - Adding source folder /farmacia/src/test/java
2023-03-20 10:14:07,853 [Worker-6: Importing Maven projects] INFO  o.e.m.c.i.p.ProjectConfigurationManager - Imported and configured 1 project(s) in 31 sec
2023-03-20 15:50:31,138 [Worker-7: Loading available Gradle versions] INFO  o.e.b.c.i.u.g.PublishedGradleVersions - Gradle version information cache is up-to-date. Trying to read.
2023-03-20 15:58:51,266 [Worker-18: Building] INFO  o.e.m.c.i.embedder.EclipseLogger - Using 'UTF-8' encoding to copy filtered resources.
2023-03-20 15:58:51,313 [Worker-18: Building] INFO  o.e.m.c.i.embedder.EclipseLogger - Using 'UTF-8' encoding to copy filtered properties files.
2023-03-20 15:58:51,318 [Worker-18: Building] INFO  o.e.m.c.i.embedder.EclipseLogger - Copying 1 resource
2023-03-20 15:58:51,339 [Worker-18: Building] INFO  o.e.m.c.i.embedder.EclipseLogger - Copying 0 resource
2023-03-20 15:58:51,347 [Worker-18: Building] INFO  o.e.m.c.i.embedder.EclipseLogger - Using 'UTF-8' encoding to copy filtered resources.
2023-03-20 15:58:51,347 [Worker-18: Building] INFO  o.e.m.c.i.embedder.EclipseLogger - Using 'UTF-8' encoding to copy filtered properties files.
2023-03-20 15:58:51,348 [Worker-18: Building] INFO  o.e.m.c.i.embedder.EclipseLogger - skip non existing resourceDirectory C:\Users\sucap\Documents\farmacia\farmacia\src\test\resources
2023-03-20 16:00:18,827 [Worker-17: Launching farmacia - FarmaciaApplication] INFO  o.e.m.c.i.embedder.EclipseLogger - Using 'UTF-8' encoding to copy filtered resources.
2023-03-20 16:00:18,828 [Worker-17: Launching farmacia - FarmaciaApplication] INFO  o.e.m.c.i.embedder.EclipseLogger - Using 'UTF-8' encoding to copy filtered properties files.
2023-03-20 16:00:18,846 [Worker-17: Launching farmacia - FarmaciaApplication] INFO  o.e.m.c.i.embedder.EclipseLogger - Copying 1 resource
2023-03-20 16:00:19,106 [Worker-17: Launching farmacia - FarmaciaApplication] INFO  o.e.m.c.i.embedder.EclipseLogger - Copying 0 resource
2023-03-20 16:00:19,116 [Worker-17: Launching farmacia - FarmaciaApplication] INFO  o.e.m.c.i.embedder.EclipseLogger - Using 'UTF-8' encoding to copy filtered resources.
2023-03-20 16:00:19,116 [Worker-17: Launching farmacia - FarmaciaApplication] INFO  o.e.m.c.i.embedder.EclipseLogger - Using 'UTF-8' encoding to copy filtered properties files.
2023-03-20 16:00:19,116 [Worker-17: Launching farmacia - FarmaciaApplication] INFO  o.e.m.c.i.embedder.EclipseLogger - skip non existing resourceDirectory C:\Users\sucap\Documents\farmacia\farmacia\src\test\resources
2023-03-20 16:01:17,853 [Worker-16: Launching farmacia - FarmaciaApplication] INFO  o.e.m.c.i.embedder.EclipseLogger - Using 'UTF-8' encoding to copy filtered resources.
2023-03-20 16:01:17,853 [Worker-16: Launching farmacia - FarmaciaApplication] INFO  o.e.m.c.i.embedder.EclipseLogger - Using 'UTF-8' encoding to copy filtered properties files.
2023-03-20 16:01:17,857 [Worker-16: Launching farmacia - FarmaciaApplication] INFO  o.e.m.c.i.embedder.EclipseLogger - Copying 1 resource
2023-03-20 16:01:18,015 [Worker-16: Launching farmacia - FarmaciaApplication] INFO  o.e.m.c.i.embedder.EclipseLogger - Copying 0 resource
2023-03-20 16:01:18,031 [Worker-16: Launching farmacia - FarmaciaApplication] INFO  o.e.m.c.i.embedder.EclipseLogger - Using 'UTF-8' encoding to copy filtered resources.
2023-03-20 16:01:18,032 [Worker-16: Launching farmacia - FarmaciaApplication] INFO  o.e.m.c.i.embedder.EclipseLogger - Using 'UTF-8' encoding to copy filtered properties files.
2023-03-20 16:01:18,032 [Worker-16: Launching farmacia - FarmaciaApplication] INFO  o.e.m.c.i.embedder.EclipseLogger - skip non existing resourceDirectory C:\Users\sucap\Documents\farmacia\farmacia\src\test\resources
2023-03-20 16:04:33,206 [Worker-17: Building] INFO  o.e.m.c.i.embedder.EclipseLogger - Using 'UTF-8' encoding to copy filtered resources.
2023-03-20 16:04:33,206 [Worker-17: Building] INFO  o.e.m.c.i.embedder.EclipseLogger - Using 'UTF-8' encoding to copy filtered properties files.
2023-03-20 16:04:33,210 [Worker-17: Building] INFO  o.e.m.c.i.embedder.EclipseLogger - Copying 1 resource
2023-03-20 16:04:33,240 [Worker-17: Building] INFO  o.e.m.c.i.embedder.EclipseLogger - Copying 0 resource
2023-03-20 16:04:33,247 [Worker-17: Building] INFO  o.e.m.c.i.embedder.EclipseLogger - Using 'UTF-8' encoding to copy filtered resources.
2023-03-20 16:04:33,247 [Worker-17: Building] INFO  o.e.m.c.i.embedder.EclipseLogger - Using 'UTF-8' encoding to copy filtered properties files.
2023-03-20 16:04:33,247 [Worker-17: Building] INFO  o.e.m.c.i.embedder.EclipseLogger - skip non existing resourceDirectory C:\Users\sucap\Documents\farmacia\farmacia\src\test\resources
2023-03-20 16:04:44,064 [Worker-19: Building] INFO  o.e.m.c.i.embedder.EclipseLogger - Using 'UTF-8' encoding to copy filtered resources.
2023-03-20 16:04:44,065 [Worker-19: Building] INFO  o.e.m.c.i.embedder.EclipseLogger - Using 'UTF-8' encoding to copy filtered properties files.
2023-03-20 16:04:44,070 [Worker-19: Building] INFO  o.e.m.c.i.embedder.EclipseLogger - Copying 1 resource
2023-03-20 16:04:44,087 [Worker-19: Building] INFO  o.e.m.c.i.embedder.EclipseLogger - Copying 0 resource
2023-03-20 16:04:44,097 [Worker-19: Building] INFO  o.e.m.c.i.embedder.EclipseLogger - Using 'UTF-8' encoding to copy filtered resources.
2023-03-20 16:04:44,108 [Worker-19: Building] INFO  o.e.m.c.i.embedder.EclipseLogger - Using 'UTF-8' encoding to copy filtered properties files.
2023-03-20 16:04:44,108 [Worker-19: Building] INFO  o.e.m.c.i.embedder.EclipseLogger - skip non existing resourceDirectory C:\Users\sucap\Documents\farmacia\farmacia\src\test\resources
2023-03-20 16:08:24,983 [Worker-8: Building] INFO  o.e.m.c.i.embedder.EclipseLogger - Using 'UTF-8' encoding to copy filtered resources.
2023-03-20 16:08:24,984 [Worker-8: Building] INFO  o.e.m.c.i.embedder.EclipseLogger - Using 'UTF-8' encoding to copy filtered properties files.
2023-03-20 16:08:24,987 [Worker-8: Building] INFO  o.e.m.c.i.embedder.EclipseLogger - Copying 1 resource
2023-03-20 16:08:25,008 [Worker-8: Building] INFO  o.e.m.c.i.embedder.EclipseLogger - Copying 0 resource
2023-03-20 16:08:25,016 [Worker-8: Building] INFO  o.e.m.c.i.embedder.EclipseLogger - Using 'UTF-8' encoding to copy filtered resources.
2023-03-20 16:08:25,016 [Worker-8: Building] INFO  o.e.m.c.i.embedder.EclipseLogger - Using 'UTF-8' encoding to copy filtered properties files.
2023-03-20 16:08:25,017 [Worker-8: Building] INFO  o.e.m.c.i.embedder.EclipseLogger - skip non existing resourceDirectory C:\Users\sucap\Documents\farmacia\farmacia\src\test\resources
2023-03-20 16:08:39,849 [Worker-21: Launching farmacia - FarmaciaApplication] INFO  o.e.m.c.i.embedder.EclipseLogger - Using 'UTF-8' encoding to copy filtered resources.
2023-03-20 16:08:39,849 [Worker-21: Launching farmacia - FarmaciaApplication] INFO  o.e.m.c.i.embedder.EclipseLogger - Using 'UTF-8' encoding to copy filtered properties files.
2023-03-20 16:08:39,853 [Worker-21: Launching farmacia - FarmaciaApplication] INFO  o.e.m.c.i.embedder.EclipseLogger - Copying 1 resource
2023-03-20 16:08:39,876 [Worker-21: Launching farmacia - FarmaciaApplication] INFO  o.e.m.c.i.embedder.EclipseLogger - Copying 0 resource
2023-03-20 16:08:39,884 [Worker-21: Launching farmacia - FarmaciaApplication] INFO  o.e.m.c.i.embedder.EclipseLogger - Using 'UTF-8' encoding to copy filtered resources.
2023-03-20 16:08:39,885 [Worker-21: Launching farmacia - FarmaciaApplication] INFO  o.e.m.c.i.embedder.EclipseLogger - Using 'UTF-8' encoding to copy filtered properties files.
2023-03-20 16:08:39,885 [Worker-21: Launching farmacia - FarmaciaApplication] INFO  o.e.m.c.i.embedder.EclipseLogger - skip non existing resourceDirectory C:\Users\sucap\Documents\farmacia\farmacia\src\test\resources
2023-03-20 16:11:43,929 [Worker-24: Building] INFO  o.e.m.c.i.embedder.EclipseLogger - Using 'UTF-8' encoding to copy filtered resources.
2023-03-20 16:11:43,929 [Worker-24: Building] INFO  o.e.m.c.i.embedder.EclipseLogger - Using 'UTF-8' encoding to copy filtered properties files.
2023-03-20 16:11:43,936 [Worker-24: Building] INFO  o.e.m.c.i.embedder.EclipseLogger - Copying 1 resource
2023-03-20 16:11:43,985 [Worker-24: Building] INFO  o.e.m.c.i.embedder.EclipseLogger - Copying 0 resource
2023-03-20 16:11:44,011 [Worker-24: Building] INFO  o.e.m.c.i.embedder.EclipseLogger - Using 'UTF-8' encoding to copy filtered resources.
2023-03-20 16:11:44,011 [Worker-24: Building] INFO  o.e.m.c.i.embedder.EclipseLogger - Using 'UTF-8' encoding to copy filtered properties files.
2023-03-20 16:11:44,012 [Worker-24: Building] INFO  o.e.m.c.i.embedder.EclipseLogger - skip non existing resourceDirectory C:\Users\sucap\Documents\farmacia\farmacia\src\test\resources
2023-03-20 16:11:47,035 [Worker-24: Building] INFO  o.e.m.c.i.embedder.EclipseLogger - Using 'UTF-8' encoding to copy filtered resources.
2023-03-20 16:11:47,036 [Worker-24: Building] INFO  o.e.m.c.i.embedder.EclipseLogger - Using 'UTF-8' encoding to copy filtered properties files.
2023-03-20 16:11:47,040 [Worker-24: Building] INFO  o.e.m.c.i.embedder.EclipseLogger - Copying 1 resource
2023-03-20 16:11:47,057 [Worker-24: Building] INFO  o.e.m.c.i.embedder.EclipseLogger - Copying 0 resource
2023-03-20 16:11:47,066 [Worker-24: Building] INFO  o.e.m.c.i.embedder.EclipseLogger - Using 'UTF-8' encoding to copy filtered resources.
2023-03-20 16:11:47,066 [Worker-24: Building] INFO  o.e.m.c.i.embedder.EclipseLogger - Using 'UTF-8' encoding to copy filtered properties files.
2023-03-20 16:11:47,066 [Worker-24: Building] INFO  o.e.m.c.i.embedder.EclipseLogger - skip non existing resourceDirectory C:\Users\sucap\Documents\farmacia\farmacia\src\test\resources
